<?xml version="1.0" encoding="UTF-8"?>
<testsuite xmlns:xsi="http://www.w3.org/2001/XMLSchema-instance" xsi:noNamespaceSchemaLocation="https://maven.apache.org/surefire/maven-surefire-plugin/xsd/surefire-test-report-3.0.xsd" version="3.0" name="com.ttulka.ecommerce.billing.payment.jdbc.FindPaymentsTest" time="0.118" tests="1" errors="0" skipped="0" failures="0">
  <properties>
[...]
</properties>
  <testcase name="all_payments_are_found" classname="com.ttulka.ecommerce.billing.payment.jdbc.FindPaymentsTest" time="0.094"/>
</testsuite>